<?xml version="1.0" encoding="UTF-8"?>
<testng-results ignored="0" total="1" passed="1" failed="0" skipped="0">
  <reporter-output>
  </reporter-output>
  <suite started-at="2022-02-16T08:23:34 SGT" name="Suite" finished-at="2022-02-16T08:23:43 SGT" duration-ms="9258">
    <groups>
    </groups>
    <test started-at="2022-02-16T08:23:34 SGT" name="Test1" finished-at="2022-02-16T08:23:43 SGT" duration-ms="9258">
      <class name="mavenforjenkins.UITest">
        <test-method signature="startBrowser(java.lang.String)[pri:0, instance:mavenforjenkins.UITest@d21a74c]" started-at="2022-02-16T08:23:34 SGT" name="startBrowser" finished-at="2022-02-16T08:23:43 SGT" duration-ms="9195" status="PASS">
          <params>
            <param index="0">
              <value>
                <![CDATA[Edge]]>
              </value>
            </param>
          </params>
          <reporter-output>
          </reporter-output>
        </test-method> <!-- startBrowser -->
      </class> <!-- mavenforjenkins.UITest -->
    </test> <!-- Test1 -->
  </suite> <!-- Suite -->
</testng-results>
